Arguments: 
  C:\Program Files\nodejs\node.exe C:\Users\Computer\AppData\Roaming\npm\node_modules\yarn\bin\yarn.js add gatsby-transformer-remark

PATH: 
  C:\Program Files (x86)\NVIDIA Corporation\PhysX\Common;C:\WINDOWS\system32;C:\WINDOWS;C:\WINDOWS\System32\Wbem;C:\WINDOWS\System32\WindowsPowerShell\v1.0\;C:\WINDOWS\System32\OpenSSH\;C:\Program Files\Git\cmd;C:\Program Files\nodejs\;C:\Program Files\Docker\Docker\resources\bin;C:\ProgramData\DockerDesktop\version-bin;C:\Ruby27-x64\bin;C:\Users\Computer\AppData\Local\Microsoft\WindowsApps;C:\Users\Computer\AppData\Local\Programs\Microsoft VS Code\bin;C:\Users\Computer\AppData\Roaming\npm

Yarn version: 
  1.22.10

Node version: 
  16.15.0

Platform: 
  win32 x64

Trace: 
  Error: EPERM: operation not permitted, unlink 'D:\Prog\blog\node_modules\@parcel\fs-search\fs-search.win32-x64-msvc.node'

npm manifest: 
  {
    "name": "blog",
    "version": "1.0.0",
    "private": true,
    "description": "blog",
    "author": "Ivan Starikov",
    "keywords": [
      "gatsby"
    ],
    "scripts": {
      "develop": "gatsby develop",
      "start": "gatsby develop",
      "build": "gatsby build",
      "serve": "gatsby serve",
      "clean": "gatsby clean"
    },
    "dependencies": {
      "babel-plugin-styled-components": "^2.0.7",
      "gatsby": "^4.14.1",
      "gatsby-plugin-styled-components": "^5.14.0",
      "gatsby-source-filesystem": "^4.15.0",
      "react": "^17.0.1",
      "react-dom": "^17.0.1",
      "styled-components": "^5.3.5"
    }
  }

yarn manifest: 
  No manifest

Lockfile: 
  No lockfile
